<?xml version="1.0" encoding="UTF-8"?>
<!-- Generated by org.testng.reporters.JUnitXMLReporter -->
<testsuite hostname="HappuSurface" ignored="0" name="BankingApp Test" tests="2" failures="0" timestamp="14 Aug 2018 20:19:01 GMT" time="27.286" errors="0">
  <testcase name="loginTest" time="5.777" classname="com.MyProject.testCases.TC_LoginTest_001"/>
  <testcase name="loginDDT" time="0.0" classname="com.MyProject.testCases.TC_LoginDDT_002">
    <skipped/>
  </testcase> <!-- loginDDT -->
</testsuite> <!-- BankingApp Test -->
